iid	initL	initR	finalL	finalR	message (DEL=deleted NOC=no change MOD=modified)
1	0	150	0	150	NOC
2	0	150	0	150	NOC
3	0	150	11	150	MOD
4	0	150	0	150	NOC
5	24	150	60	150	MOD
6	0	150	0	150	NOC
7	0	150	0	150	NOC
8	0	150	0	150	NOC
9	0	150	0	150	NOC
10	0	150	37	150	MOD
11	0	150	0	150	NOC
12	0	150	0	150	NOC
13	0	150	0	150	NOC
14	0	150	0	150	NOC
15	0	141	0	141	NOC
16	1	150	1	150	NOC
17	0	150	0	150	NOC
18	0	150	0	150	NOC
19	0	150	0	150	NOC
20	0	150	0	150	NOC
21	0	150	0	150	NOC
22	0	150	0	150	NOC
23	0	150	0	150	NOC
24	0	150	0	150	NOC
25	0	150	0	150	NOC
26	0	150	0	150	NOC
27	4	150	39	150	MOD
28	0	150	0	150	NOC
29	0	150	0	150	NOC
30	0	150	0	150	NOC
31	0	150	0	150	NOC
32	0	150	9	150	MOD
33	0	143	0	143	NOC
34	0	150	0	150	NOC
35	0	150	0	150	NOC
36	0	150	0	150	NOC
37	0	150	0	150	NOC
38	0	150	0	150	NOC
39	0	150	0	150	NOC
40	0	150	32	150	MOD
41	0	150	0	150	NOC
42	0	150	0	150	NOC
43	0	150	0	150	NOC
44	0	150	0	150	NOC
45	0	150	0	150	NOC
46	0	150	0	150	NOC
47	0	150	0	150	NOC
48	0	109	0	95	MOD
49	0	150	0	150	NOC
50	0	150	0	150	NOC
51	5	150	37	150	MOD
52	0	150	0	150	NOC
53	0	150	0	150	NOC
54	0	150	0	150	NOC
55	0	150	0	150	NOC
56	0	150	0	150	NOC
57	1	150	1	150	NOC
58	0	150	0	150	NOC
59	0	150	0	150	NOC
60	0	150	0	150	NOC
61	0	150	0	150	NOC
62	0	150	0	150	NOC
63	0	150	0	150	NOC
64	0	150	0	150	NOC
65	0	150	0	150	NOC
66	0	150	0	150	NOC
67	0	150	0	150	NOC
68	0	150	0	150	NOC
69	0	150	0	150	NOC
70	0	150	0	150	NOC
71	75	150	75	150	NOC	no overlaps, qv trim not allowed
72	0	147	0	147	NOC
73	0	121	0	116	MOD
74	0	150	0	150	NOC
75	0	150	0	143	MOD
76	0	150	0	143	MOD
77	0	135	0	116	MOD
78	0	150	0	150	NOC
79	0	150	0	150	NOC
80	0	150	0	150	NOC
81	0	149	0	149	NOC
82	68	150	102	150	DEL
83	0	150	0	150	NOC
84	0	150	0	150	NOC
85	0	150	0	150	NOC
86	0	150	0	150	NOC
87	0	150	0	150	NOC
88	0	150	0	150	NOC
89	0	150	0	145	MOD
90	0	150	0	150	NOC
91	0	150	0	150	NOC
92	0	150	0	150	NOC
93	0	150	52	150	MOD
94	0	150	0	150	NOC
95	0	150	0	150	NOC
96	0	150	0	150	NOC
97	0	150	0	150	NOC
98	0	150	0	103	MOD
99	0	85	0	85	NOC
100	0	150	0	150	NOC
101	0	150	0	150	NOC
102	0	147	0	142	MOD
103	0	150	0	135	MOD
104	0	150	0	150	NOC
105	0	150	0	150	NOC
106	0	150	0	150	NOC
107	0	150	0	150	NOC
108	0	150	0	150	NOC
109	0	150	0	150	NOC
110	0	150	0	150	NOC
111	0	150	0	150	NOC
112	0	150	0	150	NOC
113	0	150	0	150	NOC
114	0	150	0	150	NOC
115	18	150	50	150	MOD
116	0	150	0	150	NOC
117	0	150	40	150	MOD
118	0	147	0	147	NOC
119	0	150	55	150	MOD
120	0	150	0	150	NOC
121	0	150	0	150	NOC
122	0	150	0	150	NOC
123	0	150	0	150	NOC
124	0	150	0	150	NOC
125	0	150	0	136	MOD
126	0	150	0	150	NOC
127	0	150	0	138	MOD
128	0	150	0	150	NOC
129	0	150	0	150	NOC
130	0	150	0	150	NOC
131	0	150	0	150	NOC
132	0	150	0	150	NOC
133	0	150	0	115	MOD
134	0	150	0	150	NOC
135	0	150	0	150	NOC
136	0	150	0	150	NOC
137	0	150	0	150	NOC
138	0	150	0	150	NOC
139	15	150	15	150	NOC
140	0	150	0	150	NOC
141	0	150	0	150	NOC
142	0	150	0	150	NOC
143	0	150	0	150	NOC
144	0	150	0	150	NOC
145	0	150	0	118	MOD
146	0	150	0	150	NOC
147	0	150	34	150	MOD
148	0	148	0	148	NOC
149	0	150	0	150	NOC
150	0	150	0	113	MOD
151	0	150	0	150	NOC
152	0	150	0	150	NOC
153	0	150	0	150	NOC
154	0	150	0	150	NOC
155	0	150	0	150	NOC
156	0	150	0	135	MOD
157	0	114	0	114	NOC
158	7	150	7	150	NOC
159	0	150	0	150	NOC
160	16	150	49	150	MOD
161	0	150	0	150	NOC
162	0	150	0	150	NOC
163	18	150	51	150	MOD
164	0	150	0	140	MOD
165	0	150	0	150	NOC
166	0	150	43	150	MOD
167	0	150	0	141	MOD
168	0	150	0	150	NOC
169	0	150	0	150	NOC
170	0	150	0	137	MOD
171	0	138	0	138	NOC
172	0	150	0	150	NOC
173	0	150	0	150	NOC
174	0	150	0	150	NOC
175	0	150	0	150	NOC
176	0	150	0	150	NOC
177	0	150	30	150	MOD
178	0	150	0	150	NOC
179	0	150	7	150	MOD
180	0	150	0	150	NOC
181	0	87	0	87	NOC
182	0	150	11	150	MOD
183	0	150	0	150	NOC
184	0	150	0	150	NOC
185	25	150	61	150	MOD
186	0	150	0	150	NOC
187	0	150	0	150	NOC
188	0	150	0	150	NOC
189	2	150	38	150	MOD
190	0	150	0	150	NOC
191	0	150	0	150	NOC
192	0	150	3	150	MOD
193	0	150	0	150	NOC
194	0	150	0	150	NOC
195	0	150	0	150	NOC
196	0	150	0	150	NOC
197	0	150	0	150	NOC
198	0	150	0	150	NOC
199	0	150	0	150	NOC
200	0	150	0	150	NOC
201	0	150	13	150	MOD
202	0	150	0	150	NOC
203	0	150	0	150	NOC
204	0	150	0	150	NOC
205	0	150	0	150	NOC
206	0	150	0	150	NOC
207	0	150	0	150	NOC
208	0	150	0	150	NOC
209	0	150	0	150	NOC
210	0	150	0	150	NOC
211	0	150	0	150	NOC
212	0	150	0	150	NOC
213	0	150	0	150	NOC
214	6	150	6	150	NOC
215	0	150	0	150	NOC
216	0	150	0	150	NOC
217	0	150	0	150	NOC
218	0	150	0	150	NOC
219	0	150	0	150	NOC
220	0	150	0	150	NOC
221	0	150	0	150	NOC
222	0	115	0	115	NOC
223	0	150	0	150	NOC
224	0	150	0	150	NOC
225	0	150	0	150	NOC
226	0	150	39	150	MOD
227	0	150	0	150	NOC
228	0	150	0	144	MOD
229	0	150	0	150	NOC
230	0	150	35	150	MOD
231	0	150	0	150	NOC
232	0	150	0	150	NOC
233	0	150	0	150	NOC
234	0	150	0	150	NOC
235	0	150	0	150	NOC
236	0	150	0	150	NOC
237	0	150	0	150	NOC
238	0	150	0	150	NOC
239	0	150	0	150	NOC
240	0	150	0	150	NOC
241	0	150	0	150	NOC
242	0	150	0	150	NOC
243	0	150	0	150	NOC
244	0	150	32	150	MOD
245	0	150	0	150	NOC
246	0	150	0	150	NOC
247	0	145	0	145	NOC
248	6	150	49	150	MOD
249	0	150	0	150	NOC
250	0	150	0	150	NOC
251	0	150	0	150	NOC
252	0	150	0	150	NOC
253	0	150	0	150	NOC
254	0	150	0	150	NOC
255	0	150	0	150	NOC
256	0	150	0	150	NOC
257	0	102	0	102	NOC
258	0	150	0	150	NOC
259	0	119	0	119	NOC
260	0	150	0	150	NOC
261	0	150	31	150	MOD
262	0	150	0	144	MOD
263	0	150	0	150	NOC
264	0	126	0	126	NOC
265	0	150	36	150	MOD
266	0	150	0	150	NOC
267	0	150	0	140	MOD
268	0	150	8	150	MOD
269	0	150	13	150	MOD
270	0	150	0	150	NOC
271	0	150	2	150	MOD
272	0	150	0	150	NOC
273	0	150	0	150	NOC
274	0	150	34	150	MOD
275	0	150	31	150	MOD
276	6	150	6	150	NOC
277	0	150	0	150	NOC
278	0	150	0	150	NOC
279	0	146	0	146	NOC
280	0	150	0	150	NOC
281	0	150	0	150	NOC
282	0	150	0	150	NOC
283	0	150	0	150	NOC
284	0	150	0	150	NOC
285	0	150	0	150	NOC
286	0	150	0	150	NOC
287	12	150	46	150	MOD
288	0	150	0	150	NOC
289	12	150	47	150	MOD
290	0	150	0	150	NOC
291	0	150	0	150	NOC
292	0	150	0	150	NOC
293	0	150	0	150	NOC
294	0	150	0	150	NOC
295	0	150	0	150	NOC
296	0	150	0	150	NOC
297	0	81	0	81	NOC
298	0	150	0	150	NOC
299	0	150	0	150	NOC
300	0	150	11	150	MOD
301	0	150	0	150	NOC
302	0	150	0	150	NOC
303	0	150	0	150	NOC
304	0	150	0	150	NOC
305	0	150	0	150	NOC
306	0	150	0	150	NOC
307	0	150	0	150	NOC
308	0	150	0	150	NOC
309	0	150	31	150	MOD
310	0	150	0	150	NOC
311	0	124	0	124	NOC
312	0	150	0	150	NOC
313	0	150	0	150	NOC
314	0	150	0	150	NOC
315	0	150	0	150	NOC
316	0	150	0	150	NOC
317	0	150	0	150	NOC
318	0	150	0	150	NOC
319	0	150	0	150	NOC
320	0	150	0	150	NOC
321	0	108	0	108	NOC
322	0	150	0	150	NOC
323	2	150	11	150	MOD
324	0	150	0	150	NOC
325	0	85	0	85	NOC
326	0	150	6	150	MOD
327	0	150	0	150	NOC
328	0	150	0	150	NOC
329	0	150	0	150	NOC
330	0	150	0	150	NOC
331	11	150	54	150	MOD
332	0	150	0	150	NOC
333	0	150	0	150	NOC
334	0	150	0	150	NOC
335	37	150	37	150	NOC
336	0	150	0	150	NOC
337	0	150	0	150	NOC
338	0	150	0	150	NOC
339	0	150	0	150	NOC
340	0	150	0	150	NOC
341	0	150	0	150	NOC
342	0	150	0	150	NOC
343	0	150	0	150	NOC
344	0	150	0	150	NOC
345	0	150	0	150	NOC
346	0	150	0	150	NOC
347	0	150	0	150	NOC
348	0	150	0	150	NOC
349	0	150	0	150	NOC
350	0	150	9	150	MOD
351	0	150	0	150	NOC
352	0	150	0	150	NOC
353	0	150	0	150	NOC
354	0	150	0	150	NOC
355	0	150	0	150	NOC
356	0	150	0	150	NOC
357	0	150	0	150	NOC
358	0	150	32	150	MOD
359	0	150	0	150	NOC
360	0	150	0	150	NOC
361	20	150	54	150	MOD
362	0	150	0	150	NOC
363	0	150	0	150	NOC
364	0	150	0	150	NOC
365	0	150	0	150	NOC
366	0	150	0	150	NOC
367	0	150	0	150	NOC
368	0	150	0	150	NOC
369	0	141	0	138	MOD
370	0	150	0	150	NOC
371	0	150	0	150	NOC
372	0	150	0	150	NOC
373	0	150	0	150	NOC
374	0	150	0	150	NOC
375	0	121	0	116	MOD
376	0	150	0	150	NOC
377	0	136	0	136	NOC
378	0	150	0	150	NOC
379	0	150	0	150	NOC
380	0	150	0	150	NOC
381	8	150	43	150	MOD
382	0	146	0	146	NOC
383	0	150	0	150	NOC
384	0	150	0	150	NOC
385	0	150	0	150	NOC
386	0	150	0	150	NOC
387	0	120	0	120	NOC
388	0	150	0	150	NOC
389	0	150	0	150	NOC
390	0	150	0	150	NOC
391	0	150	33	150	MOD
392	0	150	0	150	NOC
393	0	150	0	150	NOC
394	0	150	0	150	NOC
395	36	150	68	150	MOD
396	0	150	0	150	NOC
397	0	150	0	150	NOC
398	0	150	0	150	NOC
399	0	150	34	150	MOD
400	0	150	0	150	NOC
401	0	150	0	150	NOC
402	0	150	0	150	NOC
403	0	150	0	150	NOC
404	0	150	0	150	NOC
405	0	150	0	150	NOC
406	0	150	0	150	NOC
407	0	150	0	139	MOD
408	0	150	0	150	NOC
409	0	150	0	150	NOC
410	0	82	0	82	NOC
411	0	150	0	150	NOC
412	0	150	22	150	MOD
413	0	150	0	150	NOC
414	0	150	0	150	NOC
415	0	150	0	150	NOC
416	21	150	54	150	MOD
417	0	150	0	150	NOC
418	0	150	0	150	NOC
419	0	150	0	150	NOC
420	0	150	0	150	NOC
421	0	150	0	145	MOD
422	0	150	0	150	NOC
423	0	150	0	150	NOC
424	0	150	0	150	NOC
425	0	150	0	150	NOC
426	0	150	36	150	MOD
427	0	150	0	150	NOC
428	0	150	0	150	NOC
429	0	150	0	150	NOC
430	0	150	0	150	NOC
431	0	150	0	150	NOC
432	0	150	30	150	MOD
433	0	150	0	150	NOC
434	0	150	0	150	NOC
435	0	150	0	150	NOC
436	0	150	0	150	NOC
437	0	150	0	150	NOC
438	0	150	0	150	NOC
439	0	150	0	150	NOC
440	0	150	0	150	NOC
441	0	150	0	150	NOC
442	0	150	0	150	NOC
443	0	150	0	150	NOC
444	0	150	33	150	MOD
445	0	150	30	150	MOD
446	0	150	0	150	NOC
447	0	150	0	150	NOC
448	0	150	32	150	MOD
449	0	150	0	150	NOC
450	0	150	0	150	NOC
451	0	150	0	150	NOC
452	0	150	0	150	NOC
453	0	149	0	149	NOC
454	0	150	0	150	NOC
455	0	150	0	150	NOC
456	0	150	0	150	NOC
457	0	150	0	150	NOC
458	0	150	0	150	NOC
459	0	150	0	150	NOC
460	0	150	0	150	NOC
461	0	150	0	140	MOD
462	0	150	5	150	MOD
463	0	84	0	84	NOC
464	0	150	0	150	NOC
465	0	150	0	150	NOC
466	0	150	0	150	NOC
467	0	150	0	150	NOC
468	0	150	0	150	NOC
469	0	150	0	150	NOC
470	0	150	0	150	NOC
471	0	150	0	150	NOC
472	0	150	0	150	NOC
473	51	150	84	150	MOD
474	0	150	0	150	NOC
475	0	150	0	150	NOC
476	0	150	0	150	NOC
477	0	113	0	94	MOD
478	0	150	0	150	NOC
479	0	150	0	150	NOC
480	0	150	0	150	NOC
481	0	150	0	150	NOC
482	0	150	0	150	NOC
483	0	150	31	150	MOD
484	0	150	0	150	NOC
485	0	150	35	150	MOD
486	0	150	0	150	NOC
487	0	150	0	150	NOC
488	0	150	0	150	NOC
489	0	150	0	150	NOC
490	0	150	0	150	NOC
491	0	150	0	150	NOC
492	0	150	0	150	NOC
493	0	150	0	150	NOC
494	0	150	10	150	MOD
495	0	150	0	150	NOC
496	0	150	0	150	NOC
497	0	150	0	150	NOC
498	0	150	0	150	NOC
499	0	150	0	150	NOC
500	0	150	0	150	NOC
501	0	150	11	150	MOD
502	0	150	54	134	MOD
503	0	147	0	147	NOC
504	0	150	37	150	MOD
505	0	150	0	150	NOC
506	0	150	0	150	NOC
507	0	150	0	150	NOC
508	0	150	0	150	NOC
509	0	150	0	150	NOC
510	0	150	0	150	NOC
