LoadScaffoldGraphFromCheckpoint()--  Loading checkpoint '/homes/liu3zhen/scripts2/k2readasm/example/k2a/kra.4.asm/7-CGW/kra.4.asm.ckp.21' at Thu Sep 17 09:58:47 2020
LoadScaffoldGraphFromCheckpoint()--  Loading reads and dists.
LoadScaffoldGraphFromCheckpoint()--  Loading unitigs.
LoadScaffoldGraphFromCheckpoint()--  Loading contigs.
LoadScaffoldGraphFromCheckpoint()--  Loading scaffolds.
LoadScaffoldGraphFromCheckpoint()--  Loading chunk overlaps.
LoadScaffoldGraphFromCheckpoint()--  Rebuilding unitig edges.
ResizeEdgeList()-- sizing list for 'c' to 42 (currently 0)
RebuildGraphEdges()-- Rebuilding 265 edges in 13 unitigs.
LoadScaffoldGraphFromCheckpoint()--  Rebuilding contig edges.
ResizeEdgeList()-- sizing list for 'C' to 42 (currently 0)
RebuildGraphEdges()-- Rebuilding 265 edges in 13 contigs.
LoadScaffoldGraphFromCheckpoint()--  Rebuilding scaffold edges.
ResizeEdgeList()-- sizing list for 'S' to 16 (currently 0)
RebuildGraphEdges()-- Rebuilding 0 edges in 0 scaffolds.
* ScaffoldGraph Memory Report:
*	     	numElements	AllocatedElements	AllocatedSize
VA        128 bytes; elements:          2 active;          2 allocated;    64 bytes; 'Dists'
VA      49056 bytes; elements:        511 active;        511 allocated;    96 bytes; 'CIFrags'
VA       2184 bytes; elements:         13 active;         13 allocated;   168 bytes; 'CIs    '
VA      25440 bytes; elements:        265 active;        265 allocated;    96 bytes; 'CIEdges'
VA       2184 bytes; elements:         13 active;         13 allocated;   168 bytes; 'Contigs    '
VA      25440 bytes; elements:        265 active;        265 allocated;    96 bytes; 'ConEdges'
VA          0 bytes; elements:          0 active;          0 allocated;   168 bytes; 'Scaffolds'
VA          0 bytes; elements:          0 active;          0 allocated;    96 bytes; 'SEdges'
*	TotalMemorySize = 104432
Writing assembly file
writeMDI()--
writeAFGFromCGW()--
writeAMP()--
writeUTGFromCGW()--
writeULK()--
writeCCO()--
writeCLK()--
writeSCF()--
writeSLK()--
Assembly file complete.
Writing IID to UID mapping files.
IID to UID mapping files complete.
